<?xml version="1.0" encoding="UTF-8"?>
<!-- Generated by org.testng.reporters.JUnitReportReporter -->
<testsuite hostname="DESKTOP-1UR5ED5" failures="0" tests="2" name="com.qa.testng.MultiBrowser" time="13.955" errors="0" timestamp="2023-11-17T14:28:45 IST" skipped="0">
  <testcase classname="com.qa.testng.MultiBrowser" name="testmethod1" time="10.193"/>
  <system-out/>
  <testcase classname="com.qa.testng.MultiBrowser" name="testmethod1" time="3.762"/>
  <system-out/>
</testsuite> <!-- com.qa.testng.MultiBrowser -->
